# JRE version: OpenJDK Runtime Environment Temurin-21.0.9+10 (21.0.9+10) (build 21.0.9+10-LTS)
# Java VM: OpenJDK 64-Bit Server VM Temurin-21.0.9+10 (21.0.9+10-LTS, mixed mode, sharing, tiered, compressed oops, compressed class ptrs, parallel gc, windows-amd64)
GC Precious Log:
 CardTable entry size: 512
 CPUs: 8 total, 8 available
 Memory: 8035M
 Large Page Support: Disabled
 NUMA Support: Disabled
 Compressed Oops: Enabled (32-bit)
 Alignments: Space 512K, Generation 512K, Heap 2M
 Heap Min Capacity: 100M
 Heap Initial Capacity: 100M
 Heap Max Capacity: 2G
 Pre-touch: Disabled
 Parallel Workers: 8
Heap:
 PSYoungGen      total 17408K, used 13645K [0x00000000d5580000, 0x00000000d6c80000, 0x0000000100000000)
  eden space 15872K, 76% used [0x00000000d5580000,0x00000000d615b5c8,0x00000000d6500000)
  from space 1536K, 97% used [0x00000000d6800000,0x00000000d6978010,0x00000000d6980000)
  to   space 3072K, 0% used [0x00000000d6500000,0x00000000d6500000,0x00000000d6800000)
 ParOldGen       total 98816K, used 70993K [0x0000000080000000, 0x0000000086080000, 0x00000000d5580000)
  object space 98816K, 71% used [0x0000000080000000,0x0000000084554558,0x0000000086080000)
 Metaspace       used 62643K, committed 64128K, reserved 1114112K
  class space    used 6702K, committed 7296K, reserved 1048576K
GC Heap History (20 events):
Event: 163.547 GC heap before
{Heap before GC invocations=68 (full 3):
 PSYoungGen      total 19456K, used 19425K [0x00000000d5580000, 0x00000000d6d80000, 0x0000000100000000)
  eden space 18432K, 100% used [0x00000000d5580000,0x00000000d6780000,0x00000000d6780000)
  from space 1024K, 96% used [0x00000000d6a00000,0x00000000d6af84c0,0x00000000d6b00000)
  to   space 2560K, 0% used [0x00000000d6780000,0x00000000d6780000,0x00000000d6a00000)
 ParOldGen       total 98816K, used 61160K [0x0000000080000000, 0x0000000086080000, 0x00000000d5580000)
  object space 98816K, 61% used [0x0000000080000000,0x0000000083bba390,0x0000000086080000)
 Metaspace       used 61613K, committed 63104K, reserved 1114112K
  class space    used 6582K, committed 7168K, reserved 1048576K
}
Event: 163.556 GC heap after
{Heap after GC invocations=68 (full 3):
 PSYoungGen      total 19456K, used 842K [0x00000000d5580000, 0x00000000d6a80000, 0x0000000100000000)
  eden space 18432K, 0% used [0x00000000d5580000,0x00000000d5580000,0x00000000d6780000)
  from space 1024K, 82% used [0x00000000d6780000,0x00000000d6852918,0x00000000d6880000)
  to   space 1536K, 0% used [0x00000000d6900000,0x00000000d6900000,0x00000000d6a80000)
 ParOldGen       total 98816K, used 62160K [0x0000000080000000, 0x0000000086080000, 0x00000000d5580000)
  object space 98816K, 62% used [0x0000000080000000,0x0000000083cb4338,0x0000000086080000)
 Metaspace       used 61613K, committed 63104K, reserved 1114112K
  class space    used 6582K, committed 7168K, reserved 1048576K
}
Event: 163.700 GC heap before
{Heap before GC invocations=69 (full 3):
 PSYoungGen      total 19456K, used 19274K [0x00000000d5580000, 0x00000000d6a80000, 0x0000000100000000)
  eden space 18432K, 100% used [0x00000000d5580000,0x00000000d6780000,0x00000000d6780000)
  from space 1024K, 82% used [0x00000000d6780000,0x00000000d6852918,0x00000000d6880000)
  to   space 1536K, 0% used [0x00000000d6900000,0x00000000d6900000,0x00000000d6a80000)
 ParOldGen       total 98816K, used 62160K [0x0000000080000000, 0x0000000086080000, 0x00000000d5580000)
  object space 98816K, 62% used [0x0000000080000000,0x0000000083cb4338,0x0000000086080000)
 Metaspace       used 61619K, committed 63104K, reserved 1114112K
  class space    used 6582K, committed 7168K, reserved 1048576K
}
Event: 163.705 GC heap after
{Heap after GC invocations=69 (full 3):
 PSYoungGen      total 19968K, used 1093K [0x00000000d5580000, 0x00000000d6a80000, 0x0000000100000000)
  eden space 18432K, 0% used [0x00000000d5580000,0x00000000d5580000,0x00000000d6780000)
  from space 1536K, 71% used [0x00000000d6900000,0x00000000d6a11450,0x00000000d6a80000)
  to   space 1536K, 0% used [0x00000000d6780000,0x00000000d6780000,0x00000000d6900000)
 ParOldGen       total 98816K, used 62857K [0x0000000080000000, 0x0000000086080000, 0x00000000d5580000)
  object space 98816K, 63% used [0x0000000080000000,0x0000000083d62698,0x0000000086080000)
 Metaspace       used 61619K, committed 63104K, reserved 1114112K
  class space    used 6582K, committed 7168K, reserved 1048576K
}
Event: 164.161 GC heap before
{Heap before GC invocations=70 (full 3):
 PSYoungGen      total 19968K, used 19525K [0x00000000d5580000, 0x00000000d6a80000, 0x0000000100000000)
  eden space 18432K, 100% used [0x00000000d5580000,0x00000000d6780000,0x00000000d6780000)
  from space 1536K, 71% used [0x00000000d6900000,0x00000000d6a11450,0x00000000d6a80000)
  to   space 1536K, 0% used [0x00000000d6780000,0x00000000d6780000,0x00000000d6900000)
 ParOldGen       total 98816K, used 62857K [0x0000000080000000, 0x0000000086080000, 0x00000000d5580000)
  object space 98816K, 63% used [0x0000000080000000,0x0000000083d62698,0x0000000086080000)
 Metaspace       used 61627K, committed 63104K, reserved 1114112K
  class space    used 6582K, committed 7168K, reserved 1048576K
}
Event: 164.183 GC heap after
{Heap after GC invocations=70 (full 3):
 PSYoungGen      total 19968K, used 1085K [0x00000000d5580000, 0x00000000d6a80000, 0x0000000100000000)
  eden space 18432K, 0% used [0x00000000d5580000,0x00000000d5580000,0x00000000d6780000)
  from space 1536K, 70% used [0x00000000d6780000,0x00000000d688f588,0x00000000d6900000)
  to   space 1536K, 0% used [0x00000000d6900000,0x00000000d6900000,0x00000000d6a80000)
 ParOldGen       total 98816K, used 64605K [0x0000000080000000, 0x0000000086080000, 0x00000000d5580000)
  object space 98816K, 65% used [0x0000000080000000,0x0000000083f176b0,0x0000000086080000)
 Metaspace       used 61627K, committed 63104K, reserved 1114112K
  class space    used 6582K, committed 7168K, reserved 1048576K
}
Event: 164.294 GC heap before
{Heap before GC invocations=71 (full 3):
 PSYoungGen      total 19968K, used 19517K [0x00000000d5580000, 0x00000000d6a80000, 0x0000000100000000)
  eden space 18432K, 100% used [0x00000000d5580000,0x00000000d6780000,0x00000000d6780000)
  from space 1536K, 70% used [0x00000000d6780000,0x00000000d688f588,0x00000000d6900000)
  to   space 1536K, 0% used [0x00000000d6900000,0x00000000d6900000,0x00000000d6a80000)
 ParOldGen       total 98816K, used 64605K [0x0000000080000000, 0x0000000086080000, 0x00000000d5580000)
  object space 98816K, 65% used [0x0000000080000000,0x0000000083f176b0,0x0000000086080000)
 Metaspace       used 61629K, committed 63104K, reserved 1114112K
  class space    used 6582K, committed 7168K, reserved 1048576K
}
Event: 164.301 GC heap after
{Heap after GC invocations=71 (full 3):
 PSYoungGen      total 19968K, used 1020K [0x00000000d5580000, 0x00000000d6a80000, 0x0000000100000000)
  eden space 18432K, 0% used [0x00000000d5580000,0x00000000d5580000,0x00000000d6780000)
  from space 1536K, 66% used [0x00000000d6900000,0x00000000d69ff3b8,0x00000000d6a80000)
  to   space 1536K, 0% used [0x00000000d6780000,0x00000000d6780000,0x00000000d6900000)
 ParOldGen       total 98816K, used 65563K [0x0000000080000000, 0x0000000086080000, 0x00000000d5580000)
  object space 98816K, 66% used [0x0000000080000000,0x0000000084006c78,0x0000000086080000)
 Metaspace       used 61629K, committed 63104K, reserved 1114112K
  class space    used 6582K, committed 7168K, reserved 1048576K
}
Event: 164.394 GC heap before
{Heap before GC invocations=72 (full 3):
 PSYoungGen      total 19968K, used 19452K [0x00000000d5580000, 0x00000000d6a80000, 0x0000000100000000)
  eden space 18432K, 100% used [0x00000000d5580000,0x00000000d6780000,0x00000000d6780000)
  from space 1536K, 66% used [0x00000000d6900000,0x00000000d69ff3b8,0x00000000d6a80000)
  to   space 1536K, 0% used [0x00000000d6780000,0x00000000d6780000,0x00000000d6900000)
 ParOldGen       total 98816K, used 65563K [0x0000000080000000, 0x0000000086080000, 0x00000000d5580000)
  object space 98816K, 66% used [0x0000000080000000,0x0000000084006c78,0x0000000086080000)
 Metaspace       used 61629K, committed 63104K, reserved 1114112K
  class space    used 6582K, committed 7168K, reserved 1048576K
}
Event: 164.415 GC heap after
{Heap after GC invocations=72 (full 3):
 PSYoungGen      total 19456K, used 623K [0x00000000d5580000, 0x00000000d6980000, 0x0000000100000000)
  eden space 18432K, 0% used [0x00000000d5580000,0x00000000d5580000,0x00000000d6780000)
  from space 1024K, 60% used [0x00000000d6780000,0x00000000d681bd28,0x00000000d6880000)
  to   space 1024K, 0% used [0x00000000d6880000,0x00000000d6880000,0x00000000d6980000)
 ParOldGen       total 98816K, used 67970K [0x0000000080000000, 0x0000000086080000, 0x00000000d5580000)
  object space 98816K, 68% used [0x0000000080000000,0x0000000084260820,0x0000000086080000)
 Metaspace       used 61629K, committed 63104K, reserved 1114112K
  class space    used 6582K, committed 7168K, reserved 1048576K
}
Event: 164.539 GC heap before
{Heap before GC invocations=73 (full 3):
 PSYoungGen      total 19456K, used 19055K [0x00000000d5580000, 0x00000000d6980000, 0x0000000100000000)
  eden space 18432K, 100% used [0x00000000d5580000,0x00000000d6780000,0x00000000d6780000)
  from space 1024K, 60% used [0x00000000d6780000,0x00000000d681bd28,0x00000000d6880000)
  to   space 1024K, 0% used [0x00000000d6880000,0x00000000d6880000,0x00000000d6980000)
 ParOldGen       total 98816K, used 67970K [0x0000000080000000, 0x0000000086080000, 0x00000000d5580000)
  object space 98816K, 68% used [0x0000000080000000,0x0000000084260820,0x0000000086080000)
 Metaspace       used 61629K, committed 63104K, reserved 1114112K
  class space    used 6582K, committed 7168K, reserved 1048576K
}
Event: 164.542 GC heap after
{Heap after GC invocations=73 (full 3):
 PSYoungGen      total 19456K, used 416K [0x00000000d5580000, 0x00000000d6980000, 0x0000000100000000)
  eden space 18432K, 0% used [0x00000000d5580000,0x00000000d5580000,0x00000000d6780000)
  from space 1024K, 40% used [0x00000000d6880000,0x00000000d68e8000,0x00000000d6980000)
  to   space 1024K, 0% used [0x00000000d6780000,0x00000000d6780000,0x00000000d6880000)
 ParOldGen       total 98816K, used 68505K [0x0000000080000000, 0x0000000086080000, 0x00000000d5580000)
  object space 98816K, 69% used [0x0000000080000000,0x00000000842e64e0,0x0000000086080000)
 Metaspace       used 61629K, committed 63104K, reserved 1114112K
  class space    used 6582K, committed 7168K, reserved 1048576K
}
Event: 164.635 GC heap before
{Heap before GC invocations=74 (full 3):
 PSYoungGen      total 19456K, used 18848K [0x00000000d5580000, 0x00000000d6980000, 0x0000000100000000)
  eden space 18432K, 100% used [0x00000000d5580000,0x00000000d6780000,0x00000000d6780000)
  from space 1024K, 40% used [0x00000000d6880000,0x00000000d68e8000,0x00000000d6980000)
  to   space 1024K, 0% used [0x00000000d6780000,0x00000000d6780000,0x00000000d6880000)
 ParOldGen       total 98816K, used 68505K [0x0000000080000000, 0x0000000086080000, 0x00000000d5580000)
  object space 98816K, 69% used [0x0000000080000000,0x00000000842e64e0,0x0000000086080000)
 Metaspace       used 61629K, committed 63104K, reserved 1114112K
  class space    used 6582K, committed 7168K, reserved 1048576K
}
Event: 164.637 GC heap after
{Heap after GC invocations=74 (full 3):
 PSYoungGen      total 19456K, used 512K [0x00000000d5580000, 0x00000000d6980000, 0x0000000100000000)
  eden space 18432K, 0% used [0x00000000d5580000,0x00000000d5580000,0x00000000d6780000)
  from space 1024K, 50% used [0x00000000d6780000,0x00000000d6800000,0x00000000d6880000)
  to   space 1024K, 0% used [0x00000000d6880000,0x00000000d6880000,0x00000000d6980000)
 ParOldGen       total 98816K, used 68889K [0x0000000080000000, 0x0000000086080000, 0x00000000d5580000)
  object space 98816K, 69% used [0x0000000080000000,0x00000000843464e0,0x0000000086080000)
 Metaspace       used 61629K, committed 63104K, reserved 1114112K
  class space    used 6582K, committed 7168K, reserved 1048576K
}
Event: 164.782 GC heap before
{Heap before GC invocations=75 (full 3):
 PSYoungGen      total 19456K, used 18944K [0x00000000d5580000, 0x00000000d6980000, 0x0000000100000000)
  eden space 18432K, 100% used [0x00000000d5580000,0x00000000d6780000,0x00000000d6780000)
  from space 1024K, 50% used [0x00000000d6780000,0x00000000d6800000,0x00000000d6880000)
  to   space 1024K, 0% used [0x00000000d6880000,0x00000000d6880000,0x00000000d6980000)
 ParOldGen       total 98816K, used 68889K [0x0000000080000000, 0x0000000086080000, 0x00000000d5580000)
  object space 98816K, 69% used [0x0000000080000000,0x00000000843464e0,0x0000000086080000)
 Metaspace       used 61629K, committed 63104K, reserved 1114112K
  class space    used 6582K, committed 7168K, reserved 1048576K
}
Event: 164.787 GC heap after
{Heap after GC invocations=75 (full 3):
 PSYoungGen      total 18432K, used 994K [0x00000000d5580000, 0x00000000d6b80000, 0x0000000100000000)
  eden space 17408K, 0% used [0x00000000d5580000,0x00000000d5580000,0x00000000d6680000)
  from space 1024K, 97% used [0x00000000d6880000,0x00000000d6978800,0x00000000d6980000)
  to   space 2048K, 0% used [0x00000000d6680000,0x00000000d6680000,0x00000000d6880000)
 ParOldGen       total 98816K, used 69377K [0x0000000080000000, 0x0000000086080000, 0x00000000d5580000)
  object space 98816K, 70% used [0x0000000080000000,0x00000000843c04e0,0x0000000086080000)
 Metaspace       used 61629K, committed 63104K, reserved 1114112K
  class space    used 6582K, committed 7168K, reserved 1048576K
}
Event: 164.981 GC heap before
{Heap before GC invocations=76 (full 3):
 PSYoungGen      total 18432K, used 18402K [0x00000000d5580000, 0x00000000d6b80000, 0x0000000100000000)
  eden space 17408K, 100% used [0x00000000d5580000,0x00000000d6680000,0x00000000d6680000)
  from space 1024K, 97% used [0x00000000d6880000,0x00000000d6978800,0x00000000d6980000)
  to   space 2048K, 0% used [0x00000000d6680000,0x00000000d6680000,0x00000000d6880000)
 ParOldGen       total 98816K, used 69377K [0x0000000080000000, 0x0000000086080000, 0x00000000d5580000)
  object space 98816K, 70% used [0x0000000080000000,0x00000000843c04e0,0x0000000086080000)
 Metaspace       used 61631K, committed 63104K, reserved 1114112K
  class space    used 6582K, committed 7168K, reserved 1048576K
}
Event: 164.986 GC heap after
{Heap after GC invocations=76 (full 3):
 PSYoungGen      total 18432K, used 939K [0x00000000d5580000, 0x00000000d6980000, 0x0000000100000000)
  eden space 17408K, 0% used [0x00000000d5580000,0x00000000d5580000,0x00000000d6680000)
  from space 1024K, 91% used [0x00000000d6680000,0x00000000d676ac98,0x00000000d6780000)
  to   space 1536K, 0% used [0x00000000d6800000,0x00000000d6800000,0x00000000d6980000)
 ParOldGen       total 98816K, used 70159K [0x0000000080000000, 0x0000000086080000, 0x00000000d5580000)
  object space 98816K, 71% used [0x0000000080000000,0x0000000084483f60,0x0000000086080000)
 Metaspace       used 61631K, committed 63104K, reserved 1114112K
  class space    used 6582K, committed 7168K, reserved 1048576K
}
Event: 165.159 GC heap before
{Heap before GC invocations=77 (full 3):
 PSYoungGen      total 18432K, used 18347K [0x00000000d5580000, 0x00000000d6980000, 0x0000000100000000)
  eden space 17408K, 100% used [0x00000000d5580000,0x00000000d6680000,0x00000000d6680000)
  from space 1024K, 91% used [0x00000000d6680000,0x00000000d676ac98,0x00000000d6780000)
  to   space 1536K, 0% used [0x00000000d6800000,0x00000000d6800000,0x00000000d6980000)
 ParOldGen       total 98816K, used 70159K [0x0000000080000000, 0x0000000086080000, 0x00000000d5580000)
  object space 98816K, 71% used [0x0000000080000000,0x0000000084483f60,0x0000000086080000)
 Metaspace       used 61699K, committed 63168K, reserved 1114112K
  class space    used 6588K, committed 7168K, reserved 1048576K
}
Event: 165.169 GC heap after
{Heap after GC invocations=77 (full 3):
 PSYoungGen      total 17408K, used 1504K [0x00000000d5580000, 0x00000000d6c80000, 0x0000000100000000)
  eden space 15872K, 0% used [0x00000000d5580000,0x00000000d5580000,0x00000000d6500000)
  from space 1536K, 97% used [0x00000000d6800000,0x00000000d6978010,0x00000000d6980000)
  to   space 3072K, 0% used [0x00000000d6500000,0x00000000d6500000,0x00000000d6800000)
 ParOldGen       total 98816K, used 70993K [0x0000000080000000, 0x0000000086080000, 0x00000000d5580000)
  object space 98816K, 71% used [0x0000000080000000,0x0000000084554558,0x0000000086080000)
 Metaspace       used 61699K, committed 63168K, reserved 1114112K
  class space    used 6588K, committed 7168K, reserved 1048576K
}

