# JRE version: OpenJDK Runtime Environment Temurin-21.0.9+10 (21.0.9+10) (build 21.0.9+10-LTS)
# Java VM: OpenJDK 64-Bit Server VM Temurin-21.0.9+10 (21.0.9+10-LTS, mixed mode, sharing, tiered, compressed oops, compressed class ptrs, parallel gc, windows-amd64)
GC Precious Log:
 CardTable entry size: 512
 CPUs: 8 total, 8 available
 Memory: 8035M
 Large Page Support: Disabled
 NUMA Support: Disabled
 Compressed Oops: Enabled (32-bit)
 Alignments: Space 512K, Generation 512K, Heap 2M
 Heap Min Capacity: 100M
 Heap Initial Capacity: 100M
 Heap Max Capacity: 2G
 Pre-touch: Disabled
 Parallel Workers: 8
Heap:
 PSYoungGen      total 2048K, used 574K [0x00000000d5580000, 0x00000000d5880000, 0x0000000100000000)
  eden space 1536K, 18% used [0x00000000d5580000,0x00000000d55c7b48,0x00000000d5700000)
  from space 512K, 56% used [0x00000000d5800000,0x00000000d5848000,0x00000000d5880000)
  to   space 512K, 0% used [0x00000000d5700000,0x00000000d5700000,0x00000000d5780000)
 ParOldGen       total 903168K, used 902860K [0x0000000080000000, 0x00000000b7200000, 0x00000000d5580000)
  object space 903168K, 99% used [0x0000000080000000,0x00000000b71b30e8,0x00000000b7200000)
 Metaspace       used 68514K, committed 70080K, reserved 1114112K
  class space    used 7118K, committed 7808K, reserved 1048576K
GC Heap History (20 events):
Event: 2163.096 GC heap before
{Heap before GC invocations=1546 (full 3):
 PSYoungGen      total 2048K, used 1904K [0x00000000d5580000, 0x00000000d5800000, 0x0000000100000000)
  eden space 1536K, 99% used [0x00000000d5580000,0x00000000d56ffff8,0x00000000d5700000)
  from space 512K, 71% used [0x00000000d5780000,0x00000000d57dc010,0x00000000d5800000)
  to   space 512K, 0% used [0x00000000d5700000,0x00000000d5700000,0x00000000d5780000)
 ParOldGen       total 901120K, used 900910K [0x0000000080000000, 0x00000000b7000000, 0x00000000d5580000)
  object space 901120K, 99% used [0x0000000080000000,0x00000000b6fcbbe0,0x00000000b7000000)
 Metaspace       used 68387K, committed 69952K, reserved 1114112K
  class space    used 7115K, committed 7808K, reserved 1048576K
}
Event: 2163.101 GC heap after
{Heap after GC invocations=1546 (full 3):
 PSYoungGen      total 2048K, used 500K [0x00000000d5580000, 0x00000000d5900000, 0x0000000100000000)
  eden space 1536K, 0% used [0x00000000d5580000,0x00000000d5580000,0x00000000d5700000)
  from space 512K, 97% used [0x00000000d5700000,0x00000000d577d008,0x00000000d5780000)
  to   space 1024K, 0% used [0x00000000d5800000,0x00000000d5800000,0x00000000d5900000)
 ParOldGen       total 901632K, used 901182K [0x0000000080000000, 0x00000000b7080000, 0x00000000d5580000)
  object space 901632K, 99% used [0x0000000080000000,0x00000000b700fbf0,0x00000000b7080000)
 Metaspace       used 68387K, committed 69952K, reserved 1114112K
  class space    used 7115K, committed 7808K, reserved 1048576K
}
Event: 2163.135 GC heap before
{Heap before GC invocations=1547 (full 3):
 PSYoungGen      total 2048K, used 2036K [0x00000000d5580000, 0x00000000d5900000, 0x0000000100000000)
  eden space 1536K, 100% used [0x00000000d5580000,0x00000000d5700000,0x00000000d5700000)
  from space 512K, 97% used [0x00000000d5700000,0x00000000d577d008,0x00000000d5780000)
  to   space 1024K, 0% used [0x00000000d5800000,0x00000000d5800000,0x00000000d5900000)
 ParOldGen       total 901632K, used 901182K [0x0000000080000000, 0x00000000b7080000, 0x00000000d5580000)
  object space 901632K, 99% used [0x0000000080000000,0x00000000b700fbf0,0x00000000b7080000)
 Metaspace       used 68390K, committed 69952K, reserved 1114112K
  class space    used 7115K, committed 7808K, reserved 1048576K
}
Event: 2163.139 GC heap after
{Heap after GC invocations=1547 (full 3):
 PSYoungGen      total 2048K, used 320K [0x00000000d5580000, 0x00000000d5880000, 0x0000000100000000)
  eden space 1536K, 0% used [0x00000000d5580000,0x00000000d5580000,0x00000000d5700000)
  from space 512K, 62% used [0x00000000d5800000,0x00000000d5850000,0x00000000d5880000)
  to   space 512K, 0% used [0x00000000d5700000,0x00000000d5700000,0x00000000d5780000)
 ParOldGen       total 901632K, used 901390K [0x0000000080000000, 0x00000000b7080000, 0x00000000d5580000)
  object space 901632K, 99% used [0x0000000080000000,0x00000000b7043bf0,0x00000000b7080000)
 Metaspace       used 68390K, committed 69952K, reserved 1114112K
  class space    used 7115K, committed 7808K, reserved 1048576K
}
Event: 2163.181 GC heap before
{Heap before GC invocations=1548 (full 3):
 PSYoungGen      total 2048K, used 1856K [0x00000000d5580000, 0x00000000d5880000, 0x0000000100000000)
  eden space 1536K, 100% used [0x00000000d5580000,0x00000000d5700000,0x00000000d5700000)
  from space 512K, 62% used [0x00000000d5800000,0x00000000d5850000,0x00000000d5880000)
  to   space 512K, 0% used [0x00000000d5700000,0x00000000d5700000,0x00000000d5780000)
 ParOldGen       total 901632K, used 901390K [0x0000000080000000, 0x00000000b7080000, 0x00000000d5580000)
  object space 901632K, 99% used [0x0000000080000000,0x00000000b7043bf0,0x00000000b7080000)
 Metaspace       used 68400K, committed 70016K, reserved 1114112K
  class space    used 7115K, committed 7808K, reserved 1048576K
}
Event: 2163.186 GC heap after
{Heap after GC invocations=1548 (full 3):
 PSYoungGen      total 2048K, used 480K [0x00000000d5580000, 0x00000000d5900000, 0x0000000100000000)
  eden space 1536K, 0% used [0x00000000d5580000,0x00000000d5580000,0x00000000d5700000)
  from space 512K, 93% used [0x00000000d5700000,0x00000000d5778010,0x00000000d5780000)
  to   space 1024K, 0% used [0x00000000d5800000,0x00000000d5800000,0x00000000d5900000)
 ParOldGen       total 901632K, used 901614K [0x0000000080000000, 0x00000000b7080000, 0x00000000d5580000)
  object space 901632K, 99% used [0x0000000080000000,0x00000000b707bbf0,0x00000000b7080000)
 Metaspace       used 68400K, committed 70016K, reserved 1114112K
  class space    used 7115K, committed 7808K, reserved 1048576K
}
Event: 2163.215 GC heap before
{Heap before GC invocations=1549 (full 3):
 PSYoungGen      total 2048K, used 2016K [0x00000000d5580000, 0x00000000d5900000, 0x0000000100000000)
  eden space 1536K, 100% used [0x00000000d5580000,0x00000000d5700000,0x00000000d5700000)
  from space 512K, 93% used [0x00000000d5700000,0x00000000d5778010,0x00000000d5780000)
  to   space 1024K, 0% used [0x00000000d5800000,0x00000000d5800000,0x00000000d5900000)
 ParOldGen       total 901632K, used 901614K [0x0000000080000000, 0x00000000b7080000, 0x00000000d5580000)
  object space 901632K, 99% used [0x0000000080000000,0x00000000b707bbf0,0x00000000b7080000)
 Metaspace       used 68405K, committed 70016K, reserved 1114112K
  class space    used 7115K, committed 7808K, reserved 1048576K
}
Event: 2163.219 GC heap after
{Heap after GC invocations=1549 (full 3):
 PSYoungGen      total 2048K, used 416K [0x00000000d5580000, 0x00000000d5880000, 0x0000000100000000)
  eden space 1536K, 0% used [0x00000000d5580000,0x00000000d5580000,0x00000000d5700000)
  from space 512K, 81% used [0x00000000d5800000,0x00000000d5868000,0x00000000d5880000)
  to   space 512K, 0% used [0x00000000d5700000,0x00000000d5700000,0x00000000d5780000)
 ParOldGen       total 902144K, used 901975K [0x0000000080000000, 0x00000000b7100000, 0x00000000d5580000)
  object space 902144K, 99% used [0x0000000080000000,0x00000000b70d5c00,0x00000000b7100000)
 Metaspace       used 68405K, committed 70016K, reserved 1114112K
  class space    used 7115K, committed 7808K, reserved 1048576K
}
Event: 2163.266 GC heap before
{Heap before GC invocations=1550 (full 3):
 PSYoungGen      total 2048K, used 1952K [0x00000000d5580000, 0x00000000d5880000, 0x0000000100000000)
  eden space 1536K, 100% used [0x00000000d5580000,0x00000000d5700000,0x00000000d5700000)
  from space 512K, 81% used [0x00000000d5800000,0x00000000d5868000,0x00000000d5880000)
  to   space 512K, 0% used [0x00000000d5700000,0x00000000d5700000,0x00000000d5780000)
 ParOldGen       total 902144K, used 901975K [0x0000000080000000, 0x00000000b7100000, 0x00000000d5580000)
  object space 902144K, 99% used [0x0000000080000000,0x00000000b70d5c00,0x00000000b7100000)
 Metaspace       used 68424K, committed 70016K, reserved 1114112K
  class space    used 7115K, committed 7808K, reserved 1048576K
}
Event: 2163.270 GC heap after
{Heap after GC invocations=1550 (full 3):
 PSYoungGen      total 2048K, used 448K [0x00000000d5580000, 0x00000000d5880000, 0x0000000100000000)
  eden space 1536K, 0% used [0x00000000d5580000,0x00000000d5580000,0x00000000d5700000)
  from space 512K, 87% used [0x00000000d5700000,0x00000000d5770000,0x00000000d5780000)
  to   space 512K, 0% used [0x00000000d5800000,0x00000000d5800000,0x00000000d5880000)
 ParOldGen       total 902656K, used 902239K [0x0000000080000000, 0x00000000b7180000, 0x00000000d5580000)
  object space 902656K, 99% used [0x0000000080000000,0x00000000b7117c00,0x00000000b7180000)
 Metaspace       used 68424K, committed 70016K, reserved 1114112K
  class space    used 7115K, committed 7808K, reserved 1048576K
}
Event: 2163.352 GC heap before
{Heap before GC invocations=1551 (full 3):
 PSYoungGen      total 2048K, used 1984K [0x00000000d5580000, 0x00000000d5880000, 0x0000000100000000)
  eden space 1536K, 100% used [0x00000000d5580000,0x00000000d5700000,0x00000000d5700000)
  from space 512K, 87% used [0x00000000d5700000,0x00000000d5770000,0x00000000d5780000)
  to   space 512K, 0% used [0x00000000d5800000,0x00000000d5800000,0x00000000d5880000)
 ParOldGen       total 902656K, used 902239K [0x0000000080000000, 0x00000000b7180000, 0x00000000d5580000)
  object space 902656K, 99% used [0x0000000080000000,0x00000000b7117c00,0x00000000b7180000)
 Metaspace       used 68464K, committed 70080K, reserved 1114112K
  class space    used 7115K, committed 7808K, reserved 1048576K
}
Event: 2163.358 GC heap after
{Heap after GC invocations=1551 (full 3):
 PSYoungGen      total 2048K, used 416K [0x00000000d5580000, 0x00000000d5880000, 0x0000000100000000)
  eden space 1536K, 0% used [0x00000000d5580000,0x00000000d5580000,0x00000000d5700000)
  from space 512K, 81% used [0x00000000d5800000,0x00000000d5868000,0x00000000d5880000)
  to   space 512K, 0% used [0x00000000d5700000,0x00000000d5700000,0x00000000d5780000)
 ParOldGen       total 902656K, used 902411K [0x0000000080000000, 0x00000000b7180000, 0x00000000d5580000)
  object space 902656K, 99% used [0x0000000080000000,0x00000000b7142c10,0x00000000b7180000)
 Metaspace       used 68464K, committed 70080K, reserved 1114112K
  class space    used 7115K, committed 7808K, reserved 1048576K
}
Event: 2163.830 GC heap before
{Heap before GC invocations=1552 (full 3):
 PSYoungGen      total 2048K, used 1952K [0x00000000d5580000, 0x00000000d5880000, 0x0000000100000000)
  eden space 1536K, 100% used [0x00000000d5580000,0x00000000d5700000,0x00000000d5700000)
  from space 512K, 81% used [0x00000000d5800000,0x00000000d5868000,0x00000000d5880000)
  to   space 512K, 0% used [0x00000000d5700000,0x00000000d5700000,0x00000000d5780000)
 ParOldGen       total 902656K, used 902411K [0x0000000080000000, 0x00000000b7180000, 0x00000000d5580000)
  object space 902656K, 99% used [0x0000000080000000,0x00000000b7142c10,0x00000000b7180000)
 Metaspace       used 68469K, committed 70080K, reserved 1114112K
  class space    used 7115K, committed 7808K, reserved 1048576K
}
Event: 2163.837 GC heap after
{Heap after GC invocations=1552 (full 3):
 PSYoungGen      total 2048K, used 288K [0x00000000d5580000, 0x00000000d5880000, 0x0000000100000000)
  eden space 1536K, 0% used [0x00000000d5580000,0x00000000d5580000,0x00000000d5700000)
  from space 512K, 56% used [0x00000000d5700000,0x00000000d5748000,0x00000000d5780000)
  to   space 512K, 0% used [0x00000000d5800000,0x00000000d5800000,0x00000000d5880000)
 ParOldGen       total 902656K, used 902640K [0x0000000080000000, 0x00000000b7180000, 0x00000000d5580000)
  object space 902656K, 99% used [0x0000000080000000,0x00000000b717c2b8,0x00000000b7180000)
 Metaspace       used 68469K, committed 70080K, reserved 1114112K
  class space    used 7115K, committed 7808K, reserved 1048576K
}
Event: 2163.998 GC heap before
{Heap before GC invocations=1553 (full 3):
 PSYoungGen      total 2048K, used 1824K [0x00000000d5580000, 0x00000000d5880000, 0x0000000100000000)
  eden space 1536K, 100% used [0x00000000d5580000,0x00000000d5700000,0x00000000d5700000)
  from space 512K, 56% used [0x00000000d5700000,0x00000000d5748000,0x00000000d5780000)
  to   space 512K, 0% used [0x00000000d5800000,0x00000000d5800000,0x00000000d5880000)
 ParOldGen       total 902656K, used 902640K [0x0000000080000000, 0x00000000b7180000, 0x00000000d5580000)
  object space 902656K, 99% used [0x0000000080000000,0x00000000b717c2b8,0x00000000b7180000)
 Metaspace       used 68484K, committed 70080K, reserved 1114112K
  class space    used 7115K, committed 7808K, reserved 1048576K
}
Event: 2164.002 GC heap after
{Heap after GC invocations=1553 (full 3):
 PSYoungGen      total 2048K, used 256K [0x00000000d5580000, 0x00000000d5880000, 0x0000000100000000)
  eden space 1536K, 0% used [0x00000000d5580000,0x00000000d5580000,0x00000000d5700000)
  from space 512K, 50% used [0x00000000d5800000,0x00000000d5840000,0x00000000d5880000)
  to   space 512K, 0% used [0x00000000d5700000,0x00000000d5700000,0x00000000d5780000)
 ParOldGen       total 903168K, used 902740K [0x0000000080000000, 0x00000000b7200000, 0x00000000d5580000)
  object space 903168K, 99% used [0x0000000080000000,0x00000000b71952d8,0x00000000b7200000)
 Metaspace       used 68484K, committed 70080K, reserved 1114112K
  class space    used 7115K, committed 7808K, reserved 1048576K
}
Event: 2164.088 GC heap before
{Heap before GC invocations=1554 (full 3):
 PSYoungGen      total 2048K, used 1792K [0x00000000d5580000, 0x00000000d5880000, 0x0000000100000000)
  eden space 1536K, 100% used [0x00000000d5580000,0x00000000d5700000,0x00000000d5700000)
  from space 512K, 50% used [0x00000000d5800000,0x00000000d5840000,0x00000000d5880000)
  to   space 512K, 0% used [0x00000000d5700000,0x00000000d5700000,0x00000000d5780000)
 ParOldGen       total 903168K, used 902740K [0x0000000080000000, 0x00000000b7200000, 0x00000000d5580000)
  object space 903168K, 99% used [0x0000000080000000,0x00000000b71952d8,0x00000000b7200000)
 Metaspace       used 68498K, committed 70080K, reserved 1114112K
  class space    used 7116K, committed 7808K, reserved 1048576K
}
Event: 2164.092 GC heap after
{Heap after GC invocations=1554 (full 3):
 PSYoungGen      total 2048K, used 276K [0x00000000d5580000, 0x00000000d5880000, 0x0000000100000000)
  eden space 1536K, 0% used [0x00000000d5580000,0x00000000d5580000,0x00000000d5700000)
  from space 512K, 53% used [0x00000000d5700000,0x00000000d5745090,0x00000000d5780000)
  to   space 512K, 0% used [0x00000000d5800000,0x00000000d5800000,0x00000000d5880000)
 ParOldGen       total 903168K, used 902772K [0x0000000080000000, 0x00000000b7200000, 0x00000000d5580000)
  object space 903168K, 99% used [0x0000000080000000,0x00000000b719d2d8,0x00000000b7200000)
 Metaspace       used 68498K, committed 70080K, reserved 1114112K
  class space    used 7116K, committed 7808K, reserved 1048576K
}
Event: 2164.321 GC heap before
{Heap before GC invocations=1555 (full 3):
 PSYoungGen      total 2048K, used 1812K [0x00000000d5580000, 0x00000000d5880000, 0x0000000100000000)
  eden space 1536K, 99% used [0x00000000d5580000,0x00000000d56ffff8,0x00000000d5700000)
  from space 512K, 53% used [0x00000000d5700000,0x00000000d5745090,0x00000000d5780000)
  to   space 512K, 0% used [0x00000000d5800000,0x00000000d5800000,0x00000000d5880000)
 ParOldGen       total 903168K, used 902772K [0x0000000080000000, 0x00000000b7200000, 0x00000000d5580000)
  object space 903168K, 99% used [0x0000000080000000,0x00000000b719d2d8,0x00000000b7200000)
 Metaspace       used 68510K, committed 70080K, reserved 1114112K
  class space    used 7118K, committed 7808K, reserved 1048576K
}
Event: 2164.325 GC heap after
{Heap after GC invocations=1555 (full 3):
 PSYoungGen      total 2048K, used 288K [0x00000000d5580000, 0x00000000d5880000, 0x0000000100000000)
  eden space 1536K, 0% used [0x00000000d5580000,0x00000000d5580000,0x00000000d5700000)
  from space 512K, 56% used [0x00000000d5800000,0x00000000d5848000,0x00000000d5880000)
  to   space 512K, 0% used [0x00000000d5700000,0x00000000d5700000,0x00000000d5780000)
 ParOldGen       total 903168K, used 902860K [0x0000000080000000, 0x00000000b7200000, 0x00000000d5580000)
  object space 903168K, 99% used [0x0000000080000000,0x00000000b71b30e8,0x00000000b7200000)
 Metaspace       used 68510K, committed 70080K, reserved 1114112K
  class space    used 7118K, committed 7808K, reserved 1048576K
}

